<?xml version="1.0" encoding="UTF-8"?>
<!-- Generated by org.testng.reporters.JUnitXMLReporter -->
<testsuite ignored="0" hostname="Raymonds-MacBook-Pro.local" failures="1" tests="1" name="Surefire test" time="5.076" errors="0" timestamp="2024-02-18T12:40:49 EST">
  <testcase classname="io.cucumber.testng.AbstractTestNGCucumberTests" name="runScenario" time="4.831">
    <failure type="java.lang.AssertionError" message="expected [] but found [Success!]">
      <![CDATA[java.lang.AssertionError: expected [] but found [Success!]
at stepDef.signup_step.studentShouldSuccessfullyCreateTheirAccount(signup_step.java:88)
at âœ½.student should successfully create their account(file:///Users/raymondmurad/Documents/TalentTEK/Cucumber_FW/src/test/java/features/signup.feature:19)
... Removed 6 stack frames]]>
    </failure>
  </testcase> <!-- runScenario -->
</testsuite> <!-- Surefire test -->
