<?xml version="1.0" encoding="UTF-8"?>
<testng-results ignored="0" total="1" passed="0" failed="1" skipped="0">
  <reporter-output>
  </reporter-output>
  <suite started-at="2024-02-18T12:40:43 EST" name="Surefire suite" finished-at="2024-02-18T12:40:48 EST" duration-ms="5076">
    <groups>
      <group name="cucumber">
        <method signature="AbstractTestNGCucumberTests.runScenario(io.cucumber.testng.PickleWrapper,io.cucumber.testng.FeatureWrapper)[pri:0, instance:TestRunner@5ef60048]" name="runScenario" class="io.cucumber.testng.AbstractTestNGCucumberTests"/>
      </group> <!-- cucumber -->
    </groups>
    <test started-at="2024-02-18T12:40:43 EST" name="Surefire test" finished-at="2024-02-18T12:40:48 EST" duration-ms="5076">
      <class name="TestRunner">
        <test-method is-config="true" signature="setUpClass(org.testng.ITestContext)[pri:0, instance:TestRunner@5ef60048]" started-at="2024-02-18T12:40:43 EST" name="setUpClass" finished-at="2024-02-18T12:40:44 EST" duration-ms="91" status="PASS">
          <params>
            <param index="0">
              <value>
                <![CDATA[org.testng.TestRunner@31368b99]]>
              </value>
            </param>
          </params>
          <reporter-output>
          </reporter-output>
        </test-method> <!-- setUpClass -->
        <test-method signature="runScenario(io.cucumber.testng.PickleWrapper,io.cucumber.testng.FeatureWrapper)[pri:0, instance:TestRunner@5ef60048]" started-at="2024-02-18T12:40:44 EST" name="runScenario" description="Runs Cucumber Scenarios" data-provider="scenarios" finished-at="2024-02-18T12:40:48 EST" duration-ms="4831" status="FAIL">
          <params>
            <param index="0">
              <value>
                <![CDATA["student enter their valid information to create new account."]]>
              </value>
            </param>
            <param index="1">
              <value>
                <![CDATA["TalentTEK Signup Feature"]]>
              </value>
            </param>
          </params>
          <exception class="java.lang.AssertionError">
            <message>
              <![CDATA[expected [] but found [Success!]]]>
            </message>
            <full-stacktrace>
              <![CDATA[java.lang.AssertionError: expected [] but found [Success!]
at org.testng.Assert.fail(Assert.java:111)
at org.testng.Assert.failNotEquals(Assert.java:1578)
at org.testng.Assert.assertEqualsImpl(Assert.java:150)
at org.testng.Assert.assertEquals(Assert.java:132)
at org.testng.Assert.assertEquals(Assert.java:656)
at org.testng.Assert.assertEquals(Assert.java:666)
at stepDef.signup_step.studentShouldSuccessfullyCreateTheirAccount(signup_step.java:88)
at âœ½.student should successfully create their account(file:///Users/raymondmurad/Documents/TalentTEK/Cucumber_FW/src/test/java/features/signup.feature:19)
]]>
            </full-stacktrace>
          </exception> <!-- java.lang.AssertionError -->
          <reporter-output>
          </reporter-output>
        </test-method> <!-- runScenario -->
        <test-method is-config="true" signature="tearDownClass()[pri:0, instance:TestRunner@5ef60048]" started-at="2024-02-18T12:40:48 EST" name="tearDownClass" finished-at="2024-02-18T12:40:48 EST" duration-ms="136" status="PASS">
          <reporter-output>
          </reporter-output>
        </test-method> <!-- tearDownClass -->
      </class> <!-- TestRunner -->
    </test> <!-- Surefire test -->
  </suite> <!-- Surefire suite -->
</testng-results>
